<?xml version="1.0" encoding="UTF-8"?>
<!-- Generated by org.testng.reporters.JUnitReportReporter -->
<testsuite hostname="Tiempo02" name="newReportD.repoDemo1" tests="3" failures="0" timestamp="7 Nov 2019 17:52:59 GMT" time="14.821" errors="0">
  <testcase name="secondconsult1" time="3.915" classname="newReportD.repoDemo1"/>
  <testcase name="config1studentID" time="6.938" classname="newReportD.repoDemo1"/>
  <testcase name="secondconsult" time="3.968" classname="newReportD.repoDemo1"/>
</testsuite> <!-- newReportD.repoDemo1 -->
