<?xml version="1.0" encoding="UTF-8"?>
<!-- Generated by org.testng.reporters.JUnitReportReporter -->
<testsuite hostname="Tiempo02" name="newReportD.repoDemoCount1" tests="2" failures="0" timestamp="4 Nov 2019 17:15:00 GMT" time="12.019" errors="0">
  <testcase name="reportLoading" time="11.968" classname="newReportD.repoDemoCount1"/>
  <testcase name="informationPresent" time="0.051" classname="newReportD.repoDemoCount1"/>
</testsuite> <!-- newReportD.repoDemoCount1 -->
