<?xml version="1.0" encoding="UTF-8"?>
<!-- Generated by org.testng.reporters.JUnitReportReporter -->
<testsuite hostname="Tiempo02" name="newReportD.rDEmail" tests="2" failures="0" timestamp="6 Nov 2019 20:15:04 GMT" time="88.338" errors="0">
  <testcase name="LoadingFail_NoData" time="39.807" classname="newReportD.rDEmail"/>
  <testcase name="tc04_LoadingFail" time="48.531" classname="newReportD.rDEmail"/>
</testsuite> <!-- newReportD.rDEmail -->
